{
  "allowed": false,
  "decision": "DENY",
  "evaluator": "python3-S-policy-evaluator",
  "fallback": [
    "node",
    "python3_S"
  ],
  "method": "checksum_presence_path_facts",
  "preferred": [
    "shell_coreutils"
  ],
  "reason": "method_not_in_route",
  "required_gates": [
    "root_exists",
    "write_probe",
    "sidecar_verify_when_zip_present"
  ],
  "router_path": "/mnt/data/Metablooms_OS/0_kernel/registry/sandbox_capability_router/SANDBOX_CAPABILITY_ROUTER_CARTRIDGE_LATEST.json",
  "task": "boot_probe"
}
